Determining if the pthread_create exist failed with the following output:
Change Dir: /home/workspace/capstone/build/CMakeFiles/CMakeTmp

Run Build Command:"/usr/bin/make" "cmTC_cc692/fast"
/usr/bin/make -f CMakeFiles/cmTC_cc692.dir/build.make CMakeFiles/cmTC_cc692.dir/build
make[1]: Entering directory '/home/workspace/capstone/build/CMakeFiles/CMakeTmp'
Building C object CMakeFiles/cmTC_cc692.dir/CheckSymbolExists.c.o
/usr/bin/cc    -o CMakeFiles/cmTC_cc692.dir/CheckSymbolExists.c.o   -c /home/workspace/capstone/build/CMakeFiles/CMakeTmp/CheckSymbolExists.c
Linking C executable cmTC_cc692
/usr/local/bin/cmake -E cmake_link_script CMakeFiles/cmTC_cc692.dir/link.txt --verbose=1
/usr/bin/cc      CMakeFiles/cmTC_cc692.dir/CheckSymbolExists.c.o  -o cmTC_cc692 
CMakeFiles/cmTC_cc692.dir/CheckSymbolExists.c.o: In function `main':
CheckSymbolExists.c:(.text+0x16): undefined reference to `pthread_create'
collect2: error: ld returned 1 exit status
CMakeFiles/cmTC_cc692.dir/build.make:86: recipe for target 'cmTC_cc692' failed
make[1]: *** [cmTC_cc692] Error 1
make[1]: Leaving directory '/home/workspace/capstone/build/CMakeFiles/CMakeTmp'
Makefile:121: recipe for target 'cmTC_cc692/fast' failed
make: *** [cmTC_cc692/fast] Error 2

File /home/workspace/capstone/build/CMakeFiles/CMakeTmp/CheckSymbolExists.c:
/* */
#include <pthread.h>

int main(int argc, char** argv)
{
  (void)argv;
#ifndef pthread_create
  return ((int*)(&pthread_create))[argc];
#else
  (void)argc;
  return 0;
#endif
}

Determining if the function pthread_create exists in the pthreads failed with the following output:
Change Dir: /home/workspace/capstone/build/CMakeFiles/CMakeTmp

Run Build Command:"/usr/bin/make" "cmTC_2f8f5/fast"
/usr/bin/make -f CMakeFiles/cmTC_2f8f5.dir/build.make CMakeFiles/cmTC_2f8f5.dir/build
make[1]: Entering directory '/home/workspace/capstone/build/CMakeFiles/CMakeTmp'
Building C object CMakeFiles/cmTC_2f8f5.dir/CheckFunctionExists.c.o
/usr/bin/cc   -DCHECK_FUNCTION_EXISTS=pthread_create   -o CMakeFiles/cmTC_2f8f5.dir/CheckFunctionExists.c.o   -c /usr/local/share/cmake-3.13/Modules/CheckFunctionExists.c
Linking C executable cmTC_2f8f5
/usr/local/bin/cmake -E cmake_link_script CMakeFiles/cmTC_2f8f5.dir/link.txt --verbose=1
/usr/bin/cc  -DCHECK_FUNCTION_EXISTS=pthread_create    CMakeFiles/cmTC_2f8f5.dir/CheckFunctionExists.c.o  -o cmTC_2f8f5 -lpthreads 
/usr/bin/ld: cannot find -lpthreads
collect2: error: ld returned 1 exit status
CMakeFiles/cmTC_2f8f5.dir/build.make:86: recipe for target 'cmTC_2f8f5' failed
make[1]: *** [cmTC_2f8f5] Error 1
make[1]: Leaving directory '/home/workspace/capstone/build/CMakeFiles/CMakeTmp'
Makefile:121: recipe for target 'cmTC_2f8f5/fast' failed
make: *** [cmTC_2f8f5/fast] Error 2


